===== COLLECT 2026-04-06T10:54:41.702798 rc=0 =====
COLLECT_OK
ČŦïŋ―ïŋ―ïŋ―Ûšïŋ―ïŋ―éąĻïŋ―ïŋ―ïŋ―ïŋ― - 2026-04-06
C:\Users\besam\.openclaw\workspace\reports\scheduled\latest_report.txt
FAILED_GROUPS: none
===== COLLECT 2026-04-06T10:59:26.856647 rc=0 =====
COLLECT_OK
ČŦïŋ―ïŋ―ïŋ―Ûšïŋ―ïŋ―éąĻïŋ―ïŋ―ïŋ―ïŋ― - 2026-04-06
C:\Users\besam\.openclaw\workspace\reports\scheduled\latest_report.txt
FAILED_GROUPS: none
===== SEND 2026-04-06T11:00:09.652901 rc=0 =====
SEND_OK
ČŦïŋ―ïŋ―ïŋ―Ûšïŋ―ïŋ―éąĻïŋ―ïŋ―ïŋ―ïŋ― - 2026-04-06
===== PLAN 2026-04-06T11:32:47.825913 rc=0 =====
C:\Users\besam\.openclaw\workspace\skills\scheduled-report-mailer\state\collect-plan.json
===== COLLECT 2026-04-06T11:32:47.825913 rc=0 =====
COLLECT_OK
ČŦïŋ―ïŋ―ïŋ―Ûšïŋ―ïŋ―éąĻïŋ―ïŋ―ïŋ―ïŋ― - 2026-04-06
C:\Users\besam\.openclaw\workspace\reports\scheduled\latest_report.txt
FAILED_GROUPS: none
